This is pdfTeX, Version 3.14159265-2.6-1.40.16 (TeX Live 2015) (preloaded format=pdflatex 2016.2.17)  28 MAR 2016 18:36
entering extended mode
 restricted \write18 enabled.
 %&-line parsing enabled.
**Homework4.tex
(./Homework4.tex
LaTeX2e <2015/01/01>
Babel <3.9l> and hyphenation patterns for 21 languages loaded.
(/usr/local/texlive/2015basic/texmf-dist/tex/latex/base/article.cls
Document Class: article 2014/09/29 v1.4h Standard LaTeX document class
(/usr/local/texlive/2015basic/texmf-dist/tex/latex/base/size10.clo
File: size10.clo 2014/09/29 v1.4h Standard LaTeX file (size option)
)
\c@part=\count79
\c@section=\count80
\c@subsection=\count81
\c@subsubsection=\count82
\c@paragraph=\count83
\c@subparagraph=\count84
\c@figure=\count85
\c@table=\count86
\abovecaptionskip=\skip41
\belowcaptionskip=\skip42
\bibindent=\dimen102
)
(/usr/local/texlive/2015basic/texmf-dist/tex/latex/amsmath/amsmath.sty
Package: amsmath 2013/01/14 v2.14 AMS math features
\@mathmargin=\skip43

For additional information on amsmath, use the `?' option.
(/usr/local/texlive/2015basic/texmf-dist/tex/latex/amsmath/amstext.sty
Package: amstext 2000/06/29 v2.01

(/usr/local/texlive/2015basic/texmf-dist/tex/latex/amsmath/amsgen.sty
File: amsgen.sty 1999/11/30 v2.0
\@emptytoks=\toks14
\ex@=\dimen103
))
(/usr/local/texlive/2015basic/texmf-dist/tex/latex/amsmath/amsbsy.sty
Package: amsbsy 1999/11/29 v1.2d
\pmbraise@=\dimen104
)
(/usr/local/texlive/2015basic/texmf-dist/tex/latex/amsmath/amsopn.sty
Package: amsopn 1999/12/14 v2.01 operator names
)
\inf@bad=\count87
LaTeX Info: Redefining \frac on input line 210.
\uproot@=\count88
\leftroot@=\count89
LaTeX Info: Redefining \overline on input line 306.
\classnum@=\count90
\DOTSCASE@=\count91
LaTeX Info: Redefining \ldots on input line 378.
LaTeX Info: Redefining \dots on input line 381.
LaTeX Info: Redefining \cdots on input line 466.
\Mathstrutbox@=\box26
\strutbox@=\box27
\big@size=\dimen105
LaTeX Font Info:    Redeclaring font encoding OML on input line 566.
LaTeX Font Info:    Redeclaring font encoding OMS on input line 567.
\macc@depth=\count92
\c@MaxMatrixCols=\count93
\dotsspace@=\muskip10
\c@parentequation=\count94
\dspbrk@lvl=\count95
\tag@help=\toks15
\row@=\count96
\column@=\count97
\maxfields@=\count98
\andhelp@=\toks16
\eqnshift@=\dimen106
\alignsep@=\dimen107
\tagshift@=\dimen108
\tagwidth@=\dimen109
\totwidth@=\dimen110
\lineht@=\dimen111
\@envbody=\toks17
\multlinegap=\skip44
\multlinetaggap=\skip45
\mathdisplay@stack=\toks18
LaTeX Info: Redefining \[ on input line 2665.
LaTeX Info: Redefining \] on input line 2666.
)
(./Homework4.aux)
\openout1 = `Homework4.aux'.

LaTeX Font Info:    Checking defaults for OML/cmm/m/it on input line 4.
LaTeX Font Info:    ... okay on input line 4.
LaTeX Font Info:    Checking defaults for T1/cmr/m/n on input line 4.
LaTeX Font Info:    ... okay on input line 4.
LaTeX Font Info:    Checking defaults for OT1/cmr/m/n on input line 4.
LaTeX Font Info:    ... okay on input line 4.
LaTeX Font Info:    Checking defaults for OMS/cmsy/m/n on input line 4.
LaTeX Font Info:    ... okay on input line 4.
LaTeX Font Info:    Checking defaults for OMX/cmex/m/n on input line 4.
LaTeX Font Info:    ... okay on input line 4.
LaTeX Font Info:    Checking defaults for U/cmr/m/n on input line 4.
LaTeX Font Info:    ... okay on input line 4.
LaTeX Font Info:    Try loading font information for OMS+cmr on input line 13.

(/usr/local/texlive/2015basic/texmf-dist/tex/latex/base/omscmr.fd
File: omscmr.fd 2014/09/29 v2.5h Standard LaTeX font definitions
)
LaTeX Font Info:    Font shape `OMS/cmr/bx/n' in size <10> not available
(Font)              Font shape `OMS/cmsy/b/n' tried instead on input line 13.
 [1

{/usr/local/texlive/2015basic/texmf-var/fonts/map/pdftex/updmap/pdftex.map}]
Overfull \hbox (93.94627pt too wide) detected at line 59
\OMS/cmsy/m/n/10 f\OT1/cmr/m/n/10 (\OML/cmm/m/it/10 a; x; \OT1/cmr/m/n/10 0)\OM
L/cmm/m/it/10 ; \OT1/cmr/m/n/10 (\OML/cmm/m/it/10 a; b; \OT1/cmr/m/n/10 1)\OML/
cmm/m/it/10 ; \OT1/cmr/m/n/10 (\OML/cmm/m/it/10 a; y; \OT1/cmr/m/n/10 0)\OML/cm
m/m/it/10 ; \OT1/cmr/m/n/10 (\OML/cmm/m/it/10 a; y; \OT1/cmr/m/n/10 1)\OML/cmm/
m/it/10 ; \OT1/cmr/m/n/10 (\OML/cmm/m/it/10 b; x; \OT1/cmr/m/n/10 0)\OML/cmm/m/
it/10 ; \OT1/cmr/m/n/10 (\OML/cmm/m/it/10 b; x; \OT1/cmr/m/n/10 1)\OML/cmm/m/it
/10 ; \OT1/cmr/m/n/10 (\OML/cmm/m/it/10 b; y; \OT1/cmr/m/n/10 0)\OML/cmm/m/it/1
0 ; \OT1/cmr/m/n/10 (\OML/cmm/m/it/10 b; y; \OT1/cmr/m/n/10 1)\OML/cmm/m/it/10 
; \OT1/cmr/m/n/10 (\OML/cmm/m/it/10 c; x; \OT1/cmr/m/n/10 0)\OML/cmm/m/it/10 ; 
\OT1/cmr/m/n/10 (\OML/cmm/m/it/10 c; x; \OT1/cmr/m/n/10 1)\OML/cmm/m/it/10 ; \O
T1/cmr/m/n/10 (\OML/cmm/m/it/10 c; y; \OT1/cmr/m/n/10 0)\OML/cmm/m/it/10 ; \OT1
/cmr/m/n/10 (\OML/cmm/m/it/10 c; y; \OT1/cmr/m/n/10 1)\OMS/cmsy/m/n/10 g
 []


Overfull \hbox (95.36989pt too wide) detected at line 61
\OMS/cmsy/m/n/10 f\OT1/cmr/m/n/10 (0\OML/cmm/m/it/10 ; x; a\OT1/cmr/m/n/10 )\OM
L/cmm/m/it/10 ; \OT1/cmr/m/n/10 (0\OML/cmm/m/it/10 ; x; b\OT1/cmr/m/n/10 )\OML/
cmm/m/it/10 ; \OT1/cmr/m/n/10 (0\OML/cmm/m/it/10 ; x; c\OT1/cmr/m/n/10 )\OML/cm
m/m/it/10 ; \OT1/cmr/m/n/10 (0\OML/cmm/m/it/10 ; y; a\OT1/cmr/m/n/10 )\OML/cmm/
m/it/10 ; \OT1/cmr/m/n/10 (0\OML/cmm/m/it/10 ; y; b\OT1/cmr/m/n/10 )\OML/cmm/m/
it/10 ; \OT1/cmr/m/n/10 (0\OML/cmm/m/it/10 ; y; c\OT1/cmr/m/n/10 )\OML/cmm/m/it
/10 ; \OT1/cmr/m/n/10 (1\OML/cmm/m/it/10 ; x; a\OT1/cmr/m/n/10 )\OML/cmm/m/it/1
0 ; \OT1/cmr/m/n/10 (1\OML/cmm/m/it/10 ; x; b\OT1/cmr/m/n/10 )\OML/cmm/m/it/10 
; \OT1/cmr/m/n/10 (1\OML/cmm/m/it/10 ; x; c\OT1/cmr/m/n/10 )\OML/cmm/m/it/10 ; 
\OT1/cmr/m/n/10 (1\OML/cmm/m/it/10 ; y; a\OT1/cmr/m/n/10 )\OML/cmm/m/it/10 ; \O
T1/cmr/m/n/10 (1\OML/cmm/m/it/10 ; y; b\OT1/cmr/m/n/10 )\OML/cmm/m/it/10 ; \OT1
/cmr/m/n/10 (1\OML/cmm/m/it/10 ; y; c\OT1/cmr/m/n/10 )\OMS/cmsy/m/n/10 g
 []


Overfull \hbox (95.36989pt too wide) detected at line 63
\OMS/cmsy/m/n/10 f\OT1/cmr/m/n/10 (0\OML/cmm/m/it/10 ; a; x\OT1/cmr/m/n/10 )\OM
L/cmm/m/it/10 ; \OT1/cmr/m/n/10 (0\OML/cmm/m/it/10 ; a; y\OT1/cmr/m/n/10 )\OML/
cmm/m/it/10 ; \OT1/cmr/m/n/10 (0\OML/cmm/m/it/10 ; b; x\OT1/cmr/m/n/10 )\OML/cm
m/m/it/10 ; \OT1/cmr/m/n/10 (0\OML/cmm/m/it/10 ; b; y\OT1/cmr/m/n/10 )\OML/cmm/
m/it/10 ; \OT1/cmr/m/n/10 (0\OML/cmm/m/it/10 ; c; x\OT1/cmr/m/n/10 )\OML/cmm/m/
it/10 ; \OT1/cmr/m/n/10 (0\OML/cmm/m/it/10 ; c; y\OT1/cmr/m/n/10 )\OML/cmm/m/it
/10 ; \OT1/cmr/m/n/10 (1\OML/cmm/m/it/10 ; a; x\OT1/cmr/m/n/10 )\OML/cmm/m/it/1
0 ; \OT1/cmr/m/n/10 (1\OML/cmm/m/it/10 ; a; y\OT1/cmr/m/n/10 )\OML/cmm/m/it/10 
; \OT1/cmr/m/n/10 (1\OML/cmm/m/it/10 ; b; x\OT1/cmr/m/n/10 )\OML/cmm/m/it/10 ; 
\OT1/cmr/m/n/10 (1\OML/cmm/m/it/10 ; b; y\OT1/cmr/m/n/10 )\OML/cmm/m/it/10 ; \O
T1/cmr/m/n/10 (1\OML/cmm/m/it/10 ; c; x\OT1/cmr/m/n/10 )\OML/cmm/m/it/10 ; \OT1
/cmr/m/n/10 (1\OML/cmm/m/it/10 ; c; y\OT1/cmr/m/n/10 )\OMS/cmsy/m/n/10 g
 []

[2] [3] [4] [5] (./Homework4.aux) ) 
Here is how much of TeX's memory you used:
 855 strings out of 494501
 9789 string characters out of 6167030
 63653 words of memory out of 5000000
 4188 multiletter control sequences out of 15000+600000
 9278 words of font info for 34 fonts, out of 8000000 for 9000
 319 hyphenation exceptions out of 8191
 27i,8n,20p,367b,189s stack positions out of 5000i,500n,10000p,200000b,80000s
</usr/local/texlive/2015basic/texmf-dist/fon
ts/type1/public/amsfonts/cm/cmbsy10.pfb></usr/local/texlive/2015basic/texmf-dis
t/fonts/type1/public/amsfonts/cm/cmbx10.pfb></usr/local/texlive/2015basic/texmf
-dist/fonts/type1/public/amsfonts/cm/cmbx12.pfb></usr/local/texlive/2015basic/t
exmf-dist/fonts/type1/public/amsfonts/cm/cmex10.pfb></usr/local/texlive/2015bas
ic/texmf-dist/fonts/type1/public/amsfonts/cm/cmmi10.pfb></usr/local/texlive/201
5basic/texmf-dist/fonts/type1/public/amsfonts/cm/cmmi7.pfb></usr/local/texlive/
2015basic/texmf-dist/fonts/type1/public/amsfonts/cm/cmr10.pfb></usr/local/texli
ve/2015basic/texmf-dist/fonts/type1/public/amsfonts/cm/cmr12.pfb></usr/local/te
xlive/2015basic/texmf-dist/fonts/type1/public/amsfonts/cm/cmr17.pfb></usr/local
/texlive/2015basic/texmf-dist/fonts/type1/public/amsfonts/cm/cmr7.pfb></usr/loc
al/texlive/2015basic/texmf-dist/fonts/type1/public/amsfonts/cm/cmsy10.pfb>
Output written on Homework4.pdf (5 pages, 117428 bytes).
PDF statistics:
 64 PDF objects out of 1000 (max. 8388607)
 45 compressed objects within 1 object stream
 0 named destinations out of 1000 (max. 500000)
 1 words of extra memory for PDF output out of 10000 (max. 10000000)

